90514 : 2026-01-03 11:20:00,698 : INFO : telemetry.main : Attempt start. Configuration directory [./.azure]. Cache directory [./.azure/telemetry/20260103112000646].
90514 : 2026-01-03 11:20:00,698 : INFO : telemetry.records : 1 cache files to upload.
90514 : 2026-01-03 11:20:00,699 : INFO : telemetry.records : Processed file ./.azure/telemetry/20260103112000646/cache into 1 records.
90514 : 2026-01-03 11:20:00,699 : INFO : telemetry.records : Remove directory ./.azure/telemetry/20260103112000646
90514 : 2026-01-03 11:20:00,699 : INFO : telemetry.client : Accumulated 1 events. Flush the clients.
90514 : 2026-01-03 11:20:00,700 : INFO : telemetry.client : Flush client c4395b75-49cc-422c-bc95-c7d51aef5d46.
90514 : 2026-01-03 11:20:00,711 : ERROR : telemetry.sender : Upload failed. OSError: <urlopen error [Errno 8] nodename nor servname provided, or not known>
90514 : 2026-01-03 11:20:00,711 : INFO : telemetry.sender : Finish uploading in 0.011400 seconds.
90622 : 2026-01-03 11:23:25,624 : INFO : telemetry.main : Attempt start. Configuration directory [./.azure]. Cache directory [./.azure/telemetry/20260103112325571].
90622 : 2026-01-03 11:23:25,624 : INFO : telemetry.records : 1 cache files to upload.
90622 : 2026-01-03 11:23:25,624 : INFO : telemetry.records : Processed file ./.azure/telemetry/20260103112325571/cache into 1 records.
90622 : 2026-01-03 11:23:25,624 : INFO : telemetry.records : Remove directory ./.azure/telemetry/20260103112325571
90622 : 2026-01-03 11:23:25,625 : INFO : telemetry.client : Accumulated 1 events. Flush the clients.
90622 : 2026-01-03 11:23:25,625 : INFO : telemetry.client : Flush client c4395b75-49cc-422c-bc95-c7d51aef5d46.
90622 : 2026-01-03 11:23:26,254 : INFO : telemetry.sender : Sending 4129 bytes
90622 : 2026-01-03 11:23:26,255 : INFO : telemetry.sender : Finish uploading in 0.629868 seconds.
90657 : 2026-01-03 11:23:33,082 : INFO : telemetry.main : Attempt start. Configuration directory [./.azure]. Cache directory [./.azure/telemetry/20260103112333028].
90657 : 2026-01-03 11:23:33,082 : INFO : telemetry.records : 1 cache files to upload.
90657 : 2026-01-03 11:23:33,082 : INFO : telemetry.records : Processed file ./.azure/telemetry/20260103112333028/cache into 1 records.
90657 : 2026-01-03 11:23:33,083 : INFO : telemetry.records : Remove directory ./.azure/telemetry/20260103112333028
90657 : 2026-01-03 11:23:33,083 : INFO : telemetry.client : Accumulated 1 events. Flush the clients.
90657 : 2026-01-03 11:23:33,083 : INFO : telemetry.client : Flush client c4395b75-49cc-422c-bc95-c7d51aef5d46.
90657 : 2026-01-03 11:23:33,095 : ERROR : telemetry.sender : Upload failed. OSError: <urlopen error [Errno 8] nodename nor servname provided, or not known>
90657 : 2026-01-03 11:23:33,095 : INFO : telemetry.sender : Finish uploading in 0.011444 seconds.
90694 : 2026-01-03 11:23:38,652 : INFO : telemetry.main : Attempt start. Configuration directory [./.azure]. Cache directory [./.azure/telemetry/20260103112338602].
90694 : 2026-01-03 11:23:38,652 : INFO : telemetry.records : 1 cache files to upload.
90694 : 2026-01-03 11:23:38,653 : INFO : telemetry.records : Processed file ./.azure/telemetry/20260103112338602/cache into 1 records.
90694 : 2026-01-03 11:23:38,653 : INFO : telemetry.records : Remove directory ./.azure/telemetry/20260103112338602
90694 : 2026-01-03 11:23:38,654 : INFO : telemetry.client : Accumulated 1 events. Flush the clients.
90694 : 2026-01-03 11:23:38,654 : INFO : telemetry.client : Flush client c4395b75-49cc-422c-bc95-c7d51aef5d46.
90694 : 2026-01-03 11:23:38,665 : ERROR : telemetry.sender : Upload failed. OSError: <urlopen error [Errno 8] nodename nor servname provided, or not known>
90694 : 2026-01-03 11:23:38,665 : INFO : telemetry.sender : Finish uploading in 0.011104 seconds.
90733 : 2026-01-03 11:23:48,628 : INFO : telemetry.main : Attempt start. Configuration directory [./.azure]. Cache directory [./.azure/telemetry/20260103112348578].
90733 : 2026-01-03 11:23:48,628 : INFO : telemetry.records : 1 cache files to upload.
90733 : 2026-01-03 11:23:48,629 : INFO : telemetry.records : Processed file ./.azure/telemetry/20260103112348578/cache into 1 records.
90733 : 2026-01-03 11:23:48,629 : INFO : telemetry.records : Remove directory ./.azure/telemetry/20260103112348578
90733 : 2026-01-03 11:23:48,629 : INFO : telemetry.client : Accumulated 1 events. Flush the clients.
90733 : 2026-01-03 11:23:48,630 : INFO : telemetry.client : Flush client c4395b75-49cc-422c-bc95-c7d51aef5d46.
90733 : 2026-01-03 11:23:48,641 : ERROR : telemetry.sender : Upload failed. OSError: <urlopen error [Errno 8] nodename nor servname provided, or not known>
90733 : 2026-01-03 11:23:48,642 : INFO : telemetry.sender : Finish uploading in 0.011913 seconds.
91290 : 2026-01-03 11:26:36,976 : INFO : telemetry.main : Attempt start. Configuration directory [./.azure]. Cache directory [./.azure/telemetry/20260103112636928].
91290 : 2026-01-03 11:26:36,976 : INFO : telemetry.records : 1 cache files to upload.
91290 : 2026-01-03 11:26:36,976 : INFO : telemetry.records : Processed file ./.azure/telemetry/20260103112636928/cache into 1 records.
91290 : 2026-01-03 11:26:36,977 : INFO : telemetry.records : Remove directory ./.azure/telemetry/20260103112636928
91290 : 2026-01-03 11:26:36,977 : INFO : telemetry.client : Accumulated 1 events. Flush the clients.
91290 : 2026-01-03 11:26:36,977 : INFO : telemetry.client : Flush client c4395b75-49cc-422c-bc95-c7d51aef5d46.
91290 : 2026-01-03 11:26:36,988 : ERROR : telemetry.sender : Upload failed. OSError: <urlopen error [Errno 8] nodename nor servname provided, or not known>
91290 : 2026-01-03 11:26:36,989 : INFO : telemetry.sender : Finish uploading in 0.011097 seconds.
92958 : 2026-01-03 11:31:21,198 : INFO : telemetry.main : Attempt start. Configuration directory [./.azure]. Cache directory [./.azure/telemetry/20260103113121145].
92958 : 2026-01-03 11:31:21,198 : INFO : telemetry.records : 1 cache files to upload.
92958 : 2026-01-03 11:31:21,199 : INFO : telemetry.records : Processed file ./.azure/telemetry/20260103113121145/cache into 1 records.
92958 : 2026-01-03 11:31:21,199 : INFO : telemetry.records : Remove directory ./.azure/telemetry/20260103113121145
92958 : 2026-01-03 11:31:21,199 : INFO : telemetry.client : Accumulated 1 events. Flush the clients.
92958 : 2026-01-03 11:31:21,200 : INFO : telemetry.client : Flush client c4395b75-49cc-422c-bc95-c7d51aef5d46.
92958 : 2026-01-03 11:31:21,212 : ERROR : telemetry.sender : Upload failed. OSError: <urlopen error [Errno 8] nodename nor servname provided, or not known>
92958 : 2026-01-03 11:31:21,212 : INFO : telemetry.sender : Finish uploading in 0.012297 seconds.
93206 : 2026-01-03 11:32:00,747 : INFO : telemetry.main : Attempt start. Configuration directory [./.azure]. Cache directory [./.azure/telemetry/20260103113200696].
93206 : 2026-01-03 11:32:00,748 : INFO : telemetry.records : 1 cache files to upload.
93206 : 2026-01-03 11:32:00,748 : INFO : telemetry.records : Processed file ./.azure/telemetry/20260103113200696/cache into 1 records.
93206 : 2026-01-03 11:32:00,749 : INFO : telemetry.records : Remove directory ./.azure/telemetry/20260103113200696
93206 : 2026-01-03 11:32:00,749 : INFO : telemetry.client : Accumulated 1 events. Flush the clients.
93206 : 2026-01-03 11:32:00,749 : INFO : telemetry.client : Flush client c4395b75-49cc-422c-bc95-c7d51aef5d46.
93206 : 2026-01-03 11:32:00,761 : ERROR : telemetry.sender : Upload failed. OSError: <urlopen error [Errno 8] nodename nor servname provided, or not known>
93206 : 2026-01-03 11:32:00,762 : INFO : telemetry.sender : Finish uploading in 0.011972 seconds.
93340 : 2026-01-03 11:32:15,614 : INFO : telemetry.main : Attempt start. Configuration directory [./.azure]. Cache directory [./.azure/telemetry/20260103113215561].
93340 : 2026-01-03 11:32:15,614 : INFO : telemetry.records : 1 cache files to upload.
93340 : 2026-01-03 11:32:15,614 : INFO : telemetry.records : Processed file ./.azure/telemetry/20260103113215561/cache into 1 records.
93340 : 2026-01-03 11:32:15,615 : INFO : telemetry.records : Remove directory ./.azure/telemetry/20260103113215561
93340 : 2026-01-03 11:32:15,615 : INFO : telemetry.client : Accumulated 1 events. Flush the clients.
93340 : 2026-01-03 11:32:15,615 : INFO : telemetry.client : Flush client c4395b75-49cc-422c-bc95-c7d51aef5d46.
93340 : 2026-01-03 11:32:15,627 : ERROR : telemetry.sender : Upload failed. OSError: <urlopen error [Errno 8] nodename nor servname provided, or not known>
93340 : 2026-01-03 11:32:15,628 : INFO : telemetry.sender : Finish uploading in 0.012031 seconds.
94215 : 2026-01-03 11:37:53,476 : INFO : telemetry.main : Attempt start. Configuration directory [./.azure]. Cache directory [./.azure/telemetry/20260103113753423].
94215 : 2026-01-03 11:37:53,476 : INFO : telemetry.records : 1 cache files to upload.
94215 : 2026-01-03 11:37:53,477 : INFO : telemetry.records : Processed file ./.azure/telemetry/20260103113753423/cache into 1 records.
94215 : 2026-01-03 11:37:53,477 : INFO : telemetry.records : Remove directory ./.azure/telemetry/20260103113753423
94215 : 2026-01-03 11:37:53,478 : INFO : telemetry.client : Accumulated 1 events. Flush the clients.
94215 : 2026-01-03 11:37:53,478 : INFO : telemetry.client : Flush client c4395b75-49cc-422c-bc95-c7d51aef5d46.
94215 : 2026-01-03 11:37:53,490 : ERROR : telemetry.sender : Upload failed. OSError: <urlopen error [Errno 8] nodename nor servname provided, or not known>
94215 : 2026-01-03 11:37:53,490 : INFO : telemetry.sender : Finish uploading in 0.011981 seconds.
94659 : 2026-01-03 11:38:51,748 : INFO : telemetry.main : Attempt start. Configuration directory [./.azure]. Cache directory [./.azure/telemetry/20260103113851693].
94659 : 2026-01-03 11:38:51,749 : INFO : telemetry.records : 1 cache files to upload.
94659 : 2026-01-03 11:38:51,749 : INFO : telemetry.records : Processed file ./.azure/telemetry/20260103113851693/cache into 1 records.
94659 : 2026-01-03 11:38:51,749 : INFO : telemetry.records : Remove directory ./.azure/telemetry/20260103113851693
94659 : 2026-01-03 11:38:51,750 : INFO : telemetry.client : Accumulated 1 events. Flush the clients.
94659 : 2026-01-03 11:38:51,750 : INFO : telemetry.client : Flush client c4395b75-49cc-422c-bc95-c7d51aef5d46.
94659 : 2026-01-03 11:38:51,762 : ERROR : telemetry.sender : Upload failed. OSError: <urlopen error [Errno 8] nodename nor servname provided, or not known>
94659 : 2026-01-03 11:38:51,762 : INFO : telemetry.sender : Finish uploading in 0.011949 seconds.
94926 : 2026-01-03 11:39:31,564 : INFO : telemetry.main : Attempt start. Configuration directory [./.azure]. Cache directory [./.azure/telemetry/20260103113931508].
94926 : 2026-01-03 11:39:31,565 : INFO : telemetry.records : 1 cache files to upload.
94926 : 2026-01-03 11:39:31,565 : INFO : telemetry.records : Processed file ./.azure/telemetry/20260103113931508/cache into 1 records.
94926 : 2026-01-03 11:39:31,565 : INFO : telemetry.records : Remove directory ./.azure/telemetry/20260103113931508
94926 : 2026-01-03 11:39:31,566 : INFO : telemetry.client : Accumulated 1 events. Flush the clients.
94926 : 2026-01-03 11:39:31,566 : INFO : telemetry.client : Flush client c4395b75-49cc-422c-bc95-c7d51aef5d46.
94926 : 2026-01-03 11:39:31,579 : ERROR : telemetry.sender : Upload failed. OSError: <urlopen error [Errno 8] nodename nor servname provided, or not known>
94926 : 2026-01-03 11:39:31,579 : INFO : telemetry.sender : Finish uploading in 0.012482 seconds.
95043 : 2026-01-03 11:39:47,432 : INFO : telemetry.main : Attempt start. Configuration directory [./.azure]. Cache directory [./.azure/telemetry/20260103113947376].
95043 : 2026-01-03 11:39:47,432 : INFO : telemetry.records : 1 cache files to upload.
95043 : 2026-01-03 11:39:47,433 : INFO : telemetry.records : Processed file ./.azure/telemetry/20260103113947376/cache into 1 records.
95043 : 2026-01-03 11:39:47,433 : INFO : telemetry.records : Remove directory ./.azure/telemetry/20260103113947376
95043 : 2026-01-03 11:39:47,434 : INFO : telemetry.client : Accumulated 1 events. Flush the clients.
95043 : 2026-01-03 11:39:47,434 : INFO : telemetry.client : Flush client c4395b75-49cc-422c-bc95-c7d51aef5d46.
95043 : 2026-01-03 11:39:47,446 : ERROR : telemetry.sender : Upload failed. OSError: <urlopen error [Errno 8] nodename nor servname provided, or not known>
95043 : 2026-01-03 11:39:47,446 : INFO : telemetry.sender : Finish uploading in 0.011986 seconds.
95347 : 2026-01-03 11:42:16,074 : INFO : telemetry.main : Attempt start. Configuration directory [./.azure]. Cache directory [./.azure/telemetry/20260103114216021].
95347 : 2026-01-03 11:42:16,075 : INFO : telemetry.records : 1 cache files to upload.
95347 : 2026-01-03 11:42:16,075 : INFO : telemetry.records : Processed file ./.azure/telemetry/20260103114216021/cache into 1 records.
95347 : 2026-01-03 11:42:16,075 : INFO : telemetry.records : Remove directory ./.azure/telemetry/20260103114216021
95347 : 2026-01-03 11:42:16,076 : INFO : telemetry.client : Accumulated 1 events. Flush the clients.
95347 : 2026-01-03 11:42:16,076 : INFO : telemetry.client : Flush client c4395b75-49cc-422c-bc95-c7d51aef5d46.
95347 : 2026-01-03 11:42:16,089 : ERROR : telemetry.sender : Upload failed. OSError: <urlopen error [Errno 8] nodename nor servname provided, or not known>
95347 : 2026-01-03 11:42:16,089 : INFO : telemetry.sender : Finish uploading in 0.012628 seconds.
95425 : 2026-01-03 11:42:35,342 : INFO : telemetry.main : Attempt start. Configuration directory [./.azure]. Cache directory [./.azure/telemetry/20260103114235286].
95425 : 2026-01-03 11:42:35,342 : INFO : telemetry.records : 1 cache files to upload.
95425 : 2026-01-03 11:42:35,342 : INFO : telemetry.records : Processed file ./.azure/telemetry/20260103114235286/cache into 1 records.
95425 : 2026-01-03 11:42:35,343 : INFO : telemetry.records : Remove directory ./.azure/telemetry/20260103114235286
95425 : 2026-01-03 11:42:35,343 : INFO : telemetry.client : Accumulated 1 events. Flush the clients.
95425 : 2026-01-03 11:42:35,344 : INFO : telemetry.client : Flush client c4395b75-49cc-422c-bc95-c7d51aef5d46.
95425 : 2026-01-03 11:42:35,356 : ERROR : telemetry.sender : Upload failed. OSError: <urlopen error [Errno 8] nodename nor servname provided, or not known>
95425 : 2026-01-03 11:42:35,356 : INFO : telemetry.sender : Finish uploading in 0.012252 seconds.
95521 : 2026-01-03 11:43:09,762 : INFO : telemetry.main : Attempt start. Configuration directory [./.azure]. Cache directory [./.azure/telemetry/20260103114309708].
95521 : 2026-01-03 11:43:09,763 : INFO : telemetry.records : 1 cache files to upload.
95521 : 2026-01-03 11:43:09,763 : INFO : telemetry.records : Processed file ./.azure/telemetry/20260103114309708/cache into 1 records.
95521 : 2026-01-03 11:43:09,763 : INFO : telemetry.records : Remove directory ./.azure/telemetry/20260103114309708
95521 : 2026-01-03 11:43:09,764 : INFO : telemetry.client : Accumulated 1 events. Flush the clients.
95521 : 2026-01-03 11:43:09,765 : INFO : telemetry.client : Flush client c4395b75-49cc-422c-bc95-c7d51aef5d46.
95521 : 2026-01-03 11:43:09,777 : ERROR : telemetry.sender : Upload failed. OSError: <urlopen error [Errno 8] nodename nor servname provided, or not known>
95521 : 2026-01-03 11:43:09,777 : INFO : telemetry.sender : Finish uploading in 0.011724 seconds.
95603 : 2026-01-03 11:43:41,023 : INFO : telemetry.main : Attempt start. Configuration directory [./.azure]. Cache directory [./.azure/telemetry/20260103114340971].
95603 : 2026-01-03 11:43:41,023 : INFO : telemetry.records : 1 cache files to upload.
95603 : 2026-01-03 11:43:41,024 : INFO : telemetry.records : Processed file ./.azure/telemetry/20260103114340971/cache into 1 records.
95603 : 2026-01-03 11:43:41,024 : INFO : telemetry.records : Remove directory ./.azure/telemetry/20260103114340971
95603 : 2026-01-03 11:43:41,024 : INFO : telemetry.client : Accumulated 1 events. Flush the clients.
95603 : 2026-01-03 11:43:41,025 : INFO : telemetry.client : Flush client c4395b75-49cc-422c-bc95-c7d51aef5d46.
95603 : 2026-01-03 11:43:41,037 : ERROR : telemetry.sender : Upload failed. OSError: <urlopen error [Errno 8] nodename nor servname provided, or not known>
95603 : 2026-01-03 11:43:41,037 : INFO : telemetry.sender : Finish uploading in 0.012210 seconds.
95724 : 2026-01-03 11:44:28,246 : INFO : telemetry.main : Attempt start. Configuration directory [./.azure]. Cache directory [./.azure/telemetry/20260103114428191].
95724 : 2026-01-03 11:44:28,246 : INFO : telemetry.records : 1 cache files to upload.
95724 : 2026-01-03 11:44:28,247 : INFO : telemetry.records : Processed file ./.azure/telemetry/20260103114428191/cache into 1 records.
95724 : 2026-01-03 11:44:28,247 : INFO : telemetry.records : Remove directory ./.azure/telemetry/20260103114428191
95724 : 2026-01-03 11:44:28,248 : INFO : telemetry.client : Accumulated 1 events. Flush the clients.
95724 : 2026-01-03 11:44:28,248 : INFO : telemetry.client : Flush client c4395b75-49cc-422c-bc95-c7d51aef5d46.
95724 : 2026-01-03 11:44:28,260 : ERROR : telemetry.sender : Upload failed. OSError: <urlopen error [Errno 8] nodename nor servname provided, or not known>
95724 : 2026-01-03 11:44:28,260 : INFO : telemetry.sender : Finish uploading in 0.011751 seconds.
95823 : 2026-01-03 11:44:55,141 : INFO : telemetry.main : Attempt start. Configuration directory [./.azure]. Cache directory [./.azure/telemetry/20260103114455088].
95823 : 2026-01-03 11:44:55,141 : INFO : telemetry.records : 1 cache files to upload.
95823 : 2026-01-03 11:44:55,141 : INFO : telemetry.records : Processed file ./.azure/telemetry/20260103114455088/cache into 1 records.
95823 : 2026-01-03 11:44:55,142 : INFO : telemetry.records : Remove directory ./.azure/telemetry/20260103114455088
95823 : 2026-01-03 11:44:55,142 : INFO : telemetry.client : Accumulated 1 events. Flush the clients.
95823 : 2026-01-03 11:44:55,142 : INFO : telemetry.client : Flush client c4395b75-49cc-422c-bc95-c7d51aef5d46.
95823 : 2026-01-03 11:44:55,154 : ERROR : telemetry.sender : Upload failed. OSError: <urlopen error [Errno 8] nodename nor servname provided, or not known>
95823 : 2026-01-03 11:44:55,154 : INFO : telemetry.sender : Finish uploading in 0.011602 seconds.
95907 : 2026-01-03 11:45:18,601 : INFO : telemetry.main : Attempt start. Configuration directory [./.azure]. Cache directory [./.azure/telemetry/20260103114518548].
95907 : 2026-01-03 11:45:18,602 : INFO : telemetry.records : 1 cache files to upload.
95907 : 2026-01-03 11:45:18,602 : INFO : telemetry.records : Processed file ./.azure/telemetry/20260103114518548/cache into 1 records.
95907 : 2026-01-03 11:45:18,602 : INFO : telemetry.records : Remove directory ./.azure/telemetry/20260103114518548
95907 : 2026-01-03 11:45:18,603 : INFO : telemetry.client : Accumulated 1 events. Flush the clients.
95907 : 2026-01-03 11:45:18,603 : INFO : telemetry.client : Flush client c4395b75-49cc-422c-bc95-c7d51aef5d46.
95907 : 2026-01-03 11:45:18,615 : ERROR : telemetry.sender : Upload failed. OSError: <urlopen error [Errno 8] nodename nor servname provided, or not known>
95907 : 2026-01-03 11:45:18,616 : INFO : telemetry.sender : Finish uploading in 0.012262 seconds.
96051 : 2026-01-03 11:45:53,124 : INFO : telemetry.main : Attempt start. Configuration directory [./.azure]. Cache directory [./.azure/telemetry/20260103114553065].
96051 : 2026-01-03 11:45:53,125 : INFO : telemetry.records : 1 cache files to upload.
96051 : 2026-01-03 11:45:53,125 : INFO : telemetry.records : Processed file ./.azure/telemetry/20260103114553065/cache into 1 records.
96051 : 2026-01-03 11:45:53,125 : INFO : telemetry.records : Remove directory ./.azure/telemetry/20260103114553065
96051 : 2026-01-03 11:45:53,126 : INFO : telemetry.client : Accumulated 1 events. Flush the clients.
96051 : 2026-01-03 11:45:53,126 : INFO : telemetry.client : Flush client c4395b75-49cc-422c-bc95-c7d51aef5d46.
96051 : 2026-01-03 11:45:53,137 : ERROR : telemetry.sender : Upload failed. OSError: <urlopen error [Errno 8] nodename nor servname provided, or not known>
96051 : 2026-01-03 11:45:53,137 : INFO : telemetry.sender : Finish uploading in 0.011144 seconds.
96159 : 2026-01-03 11:46:28,324 : INFO : telemetry.main : Attempt start. Configuration directory [./.azure]. Cache directory [./.azure/telemetry/20260103114628270].
96159 : 2026-01-03 11:46:28,324 : INFO : telemetry.records : 1 cache files to upload.
96159 : 2026-01-03 11:46:28,325 : INFO : telemetry.records : Processed file ./.azure/telemetry/20260103114628270/cache into 1 records.
96159 : 2026-01-03 11:46:28,325 : INFO : telemetry.records : Remove directory ./.azure/telemetry/20260103114628270
96159 : 2026-01-03 11:46:28,325 : INFO : telemetry.client : Accumulated 1 events. Flush the clients.
96159 : 2026-01-03 11:46:28,326 : INFO : telemetry.client : Flush client c4395b75-49cc-422c-bc95-c7d51aef5d46.
96159 : 2026-01-03 11:46:28,338 : ERROR : telemetry.sender : Upload failed. OSError: <urlopen error [Errno 8] nodename nor servname provided, or not known>
96159 : 2026-01-03 11:46:28,338 : INFO : telemetry.sender : Finish uploading in 0.012090 seconds.
96213 : 2026-01-03 11:46:42,996 : INFO : telemetry.main : Attempt start. Configuration directory [./.azure]. Cache directory [./.azure/telemetry/20260103114642942].
96213 : 2026-01-03 11:46:42,996 : INFO : telemetry.records : 1 cache files to upload.
96213 : 2026-01-03 11:46:42,997 : INFO : telemetry.records : Processed file ./.azure/telemetry/20260103114642942/cache into 1 records.
96213 : 2026-01-03 11:46:42,997 : INFO : telemetry.records : Remove directory ./.azure/telemetry/20260103114642942
96213 : 2026-01-03 11:46:42,997 : INFO : telemetry.client : Accumulated 1 events. Flush the clients.
96213 : 2026-01-03 11:46:42,998 : INFO : telemetry.client : Flush client c4395b75-49cc-422c-bc95-c7d51aef5d46.
96213 : 2026-01-03 11:46:43,009 : ERROR : telemetry.sender : Upload failed. OSError: <urlopen error [Errno 8] nodename nor servname provided, or not known>
96213 : 2026-01-03 11:46:43,010 : INFO : telemetry.sender : Finish uploading in 0.011764 seconds.
96315 : 2026-01-03 11:47:09,481 : INFO : telemetry.main : Attempt start. Configuration directory [./.azure]. Cache directory [./.azure/telemetry/20260103114709431].
96315 : 2026-01-03 11:47:09,482 : INFO : telemetry.records : 1 cache files to upload.
96315 : 2026-01-03 11:47:09,482 : INFO : telemetry.records : Processed file ./.azure/telemetry/20260103114709431/cache into 1 records.
96315 : 2026-01-03 11:47:09,482 : INFO : telemetry.records : Remove directory ./.azure/telemetry/20260103114709431
96315 : 2026-01-03 11:47:09,483 : INFO : telemetry.client : Accumulated 1 events. Flush the clients.
96315 : 2026-01-03 11:47:09,483 : INFO : telemetry.client : Flush client c4395b75-49cc-422c-bc95-c7d51aef5d46.
96315 : 2026-01-03 11:47:09,495 : ERROR : telemetry.sender : Upload failed. OSError: <urlopen error [Errno 8] nodename nor servname provided, or not known>
96315 : 2026-01-03 11:47:09,496 : INFO : telemetry.sender : Finish uploading in 0.011887 seconds.
96789 : 2026-01-03 11:53:28,939 : INFO : telemetry.main : Attempt start. Configuration directory [./.azure]. Cache directory [./.azure/telemetry/20260103115328887].
96789 : 2026-01-03 11:53:28,939 : INFO : telemetry.records : 1 cache files to upload.
96789 : 2026-01-03 11:53:28,939 : INFO : telemetry.records : Processed file ./.azure/telemetry/20260103115328887/cache into 1 records.
96789 : 2026-01-03 11:53:28,940 : INFO : telemetry.records : Remove directory ./.azure/telemetry/20260103115328887
96789 : 2026-01-03 11:53:28,940 : INFO : telemetry.client : Accumulated 1 events. Flush the clients.
96789 : 2026-01-03 11:53:28,941 : INFO : telemetry.client : Flush client c4395b75-49cc-422c-bc95-c7d51aef5d46.
96789 : 2026-01-03 11:53:28,954 : ERROR : telemetry.sender : Upload failed. OSError: <urlopen error [Errno 8] nodename nor servname provided, or not known>
96789 : 2026-01-03 11:53:28,954 : INFO : telemetry.sender : Finish uploading in 0.013375 seconds.
96834 : 2026-01-03 11:53:42,919 : INFO : telemetry.main : Attempt start. Configuration directory [./.azure]. Cache directory [./.azure/telemetry/20260103115342869].
96834 : 2026-01-03 11:53:42,919 : INFO : telemetry.records : 1 cache files to upload.
96834 : 2026-01-03 11:53:42,920 : INFO : telemetry.records : Processed file ./.azure/telemetry/20260103115342869/cache into 1 records.
96834 : 2026-01-03 11:53:42,920 : INFO : telemetry.records : Remove directory ./.azure/telemetry/20260103115342869
96834 : 2026-01-03 11:53:42,921 : INFO : telemetry.client : Accumulated 1 events. Flush the clients.
96834 : 2026-01-03 11:53:42,921 : INFO : telemetry.client : Flush client c4395b75-49cc-422c-bc95-c7d51aef5d46.
96834 : 2026-01-03 11:53:42,934 : ERROR : telemetry.sender : Upload failed. OSError: <urlopen error [Errno 8] nodename nor servname provided, or not known>
96834 : 2026-01-03 11:53:42,934 : INFO : telemetry.sender : Finish uploading in 0.013201 seconds.
